<?xml version="1.0" encoding="UTF-8"?>
<!-- Generated by org.testng.reporters.JUnitXMLReporter -->
<testsuite hostname="Lenovo-PC" ignored="1" name="extractTopArtistInfo" tests="1" failures="0" timestamp="19 Mar 2018 22:39:11 GMT" time="138.479" errors="0">
  <testcase name="readAnnualArtistInfo" time="138.438" classname="tests.ExtractArtistInfo"/>
  <testcase name="readUnfilteredArtistInfo" time="0.0" classname="tests.ExtractArtistInfo">
    <ignored/>
  </testcase> <!-- readUnfilteredArtistInfo -->
</testsuite> <!-- extractTopArtistInfo -->
