<?xml version="1.0" encoding="UTF-8"?>
<!-- Generated by org.testng.reporters.JUnitXMLReporter -->
<testsuite hostname="Lenovo-PC" ignored="1" name="Default test" tests="1" failures="0" timestamp="19 Mar 2018 21:52:23 GMT" time="139.107" errors="0">
  <testcase name="readAnnualArtistInfo" time="139.064" classname="tests.ExtractArtistInfo"/>
  <testcase name="readUnfilteredArtistInfo" time="0.0" classname="tests.ExtractArtistInfo">
    <ignored/>
  </testcase> <!-- readUnfilteredArtistInfo -->
</testsuite> <!-- Default test -->
